<?xml version="1.0" encoding="UTF-8"?>
<!-- Generated by org.testng.reporters.JUnitXMLReporter -->
<testsuite ignored="0" hostname="DESKTOP-8BH4R7N" failures="0" tests="3" name="Default test" time="10.07" errors="0" timestamp="2024-06-08T17:43:26 IST">
  <testcase classname="Newdemo.Homepage" name="firstpage" time="0.324"/>
  <testcase classname="Newdemo.Homepage" name="firstpage" time="1.83"/>
  <testcase classname="Newdemo.Homepage" name="firstpage" time="4.817"/>
</testsuite> <!-- Default test -->
