<?xml version="1.0" encoding="UTF-8"?>
<!-- Generated by org.testng.reporters.JUnitXMLReporter -->
<testsuite ignored="1" hostname="DESKTOP-8BH4R7N" failures="0" tests="2" name="Test" time="11.488" errors="0" timestamp="2024-06-03T20:34:02 IST">
  <testcase classname="testpack.Firstpage" name="firstpage" time="1.465"/>
  <testcase classname="testpack.Firstpage" name="secondtestcase" time="2.939"/>
  <testcase classname="testpack.Firstpage" name="portfolio" time="0.0">
    <ignored/>
  </testcase> <!-- portfolio -->
</testsuite> <!-- Test -->
