<?xml version="1.0" encoding="UTF-8"?>
<testng-results ignored="0" total="3" passed="3" failed="0" skipped="0">
  <reporter-output>
  </reporter-output>
  <suite started-at="2024-06-08T17:43:16 IST" name="Default suite" finished-at="2024-06-08T17:43:26 IST" duration-ms="10070">
    <groups>
    </groups>
    <test started-at="2024-06-08T17:43:16 IST" name="Default test" finished-at="2024-06-08T17:43:26 IST" duration-ms="10070">
      <class name="Newdemo.Homepage">
        <test-method is-config="true" signature="loginfunction()[pri:0, instance:Newdemo.Homepage@6f8f9349]" started-at="2024-06-08T17:43:16 IST" name="loginfunction" finished-at="2024-06-08T17:43:19 IST" duration-ms="3034" status="PASS">
          <reporter-output>
          </reporter-output>
        </test-method> <!-- loginfunction -->
        <test-method signature="firstpage(java.lang.String,java.lang.String)[pri:0, instance:Newdemo.Homepage@6f8f9349]" started-at="2024-06-08T17:43:19 IST" name="firstpage" data-provider="crenditals" finished-at="2024-06-08T17:43:19 IST" duration-ms="324" status="PASS">
          <params>
            <param index="0">
              <value>
                <![CDATA[test1@gmail.com]]>
              </value>
            </param>
            <param index="1">
              <value>
                <![CDATA[pass22]]>
              </value>
            </param>
          </params>
          <reporter-output>
          </reporter-output>
        </test-method> <!-- firstpage -->
        <test-method signature="firstpage(java.lang.String,java.lang.String)[pri:0, instance:Newdemo.Homepage@6f8f9349]" started-at="2024-06-08T17:43:19 IST" name="firstpage" data-provider="crenditals" finished-at="2024-06-08T17:43:21 IST" duration-ms="1830" status="PASS">
          <params>
            <param index="0">
              <value>
                <![CDATA[test2@gmail.com]]>
              </value>
            </param>
            <param index="1">
              <value>
                <![CDATA[pass33]]>
              </value>
            </param>
          </params>
          <reporter-output>
          </reporter-output>
        </test-method> <!-- firstpage -->
        <test-method signature="firstpage(java.lang.String,java.lang.String)[pri:0, instance:Newdemo.Homepage@6f8f9349]" started-at="2024-06-08T17:43:21 IST" name="firstpage" data-provider="crenditals" finished-at="2024-06-08T17:43:26 IST" duration-ms="4817" status="PASS">
          <params>
            <param index="0">
              <value>
                <![CDATA[test3@gmail.com]]>
              </value>
            </param>
            <param index="1">
              <value>
                <![CDATA[pass44]]>
              </value>
            </param>
          </params>
          <reporter-output>
          </reporter-output>
        </test-method> <!-- firstpage -->
      </class> <!-- Newdemo.Homepage -->
    </test> <!-- Default test -->
  </suite> <!-- Default suite -->
</testng-results>
